============================= test session starts ==============================
platform darwin -- Python 3.13.2, pytest-9.0.3, pluggy-1.6.0 -- /Users/jarocki/src/ap/.venv/bin/python
cachedir: .pytest_cache
rootdir: /Users/jarocki/src/ap/.worktrees/feature-60-auto-pivot-policy
configfile: pyproject.toml
plugins: asyncio-1.3.0, anyio-4.13.0
asyncio: mode=Mode.AUTO, debug=False, asyncio_default_fixture_loop_scope=None, asyncio_default_test_loop_scope=function
collecting ... collected 76 items

.worktrees/feature-60-auto-pivot-policy/tests/test_pivot_policy.py::TestGate1IPv4RFC1918::test_10_block_skipped PASSED [  1%]
.worktrees/feature-60-auto-pivot-policy/tests/test_pivot_policy.py::TestGate1IPv4RFC1918::test_172_16_block_skipped PASSED [  2%]
.worktrees/feature-60-auto-pivot-policy/tests/test_pivot_policy.py::TestGate1IPv4RFC1918::test_192_168_block_skipped PASSED [  3%]
.worktrees/feature-60-auto-pivot-policy/tests/test_pivot_policy.py::TestGate1IPv4RFC1918::test_loopback_127_skipped PASSED [  5%]
.worktrees/feature-60-auto-pivot-policy/tests/test_pivot_policy.py::TestGate1IPv4RFC1918::test_loopback_ipv6_skipped PASSED [  6%]
.worktrees/feature-60-auto-pivot-policy/tests/test_pivot_policy.py::TestGate1IPv4RFC1918::test_link_local_169_254_skipped PASSED [  7%]
.worktrees/feature-60-auto-pivot-policy/tests/test_pivot_policy.py::TestGate1IPv4RFC1918::test_link_local_ipv6_fe80_skipped PASSED [  9%]
.worktrees/feature-60-auto-pivot-policy/tests/test_pivot_policy.py::TestGate1IPv4RFC1918::test_public_ip_passes PASSED [ 10%]
.worktrees/feature-60-auto-pivot-policy/tests/test_pivot_policy.py::TestGate1Domains::test_localhost_exact_skipped PASSED [ 11%]
.worktrees/feature-60-auto-pivot-policy/tests/test_pivot_policy.py::TestGate1Domains::test_rfc6761_local_tld_skipped PASSED [ 13%]
.worktrees/feature-60-auto-pivot-policy/tests/test_pivot_policy.py::TestGate1Domains::test_rfc6761_test_tld_skipped PASSED [ 14%]
.worktrees/feature-60-auto-pivot-policy/tests/test_pivot_policy.py::TestGate1Domains::test_rfc6761_invalid_tld_skipped PASSED [ 15%]
.worktrees/feature-60-auto-pivot-policy/tests/test_pivot_policy.py::TestGate1Domains::test_top1k_google_skipped PASSED [ 17%]
.worktrees/feature-60-auto-pivot-policy/tests/test_pivot_policy.py::TestGate1Domains::test_top1k_youtube_skipped PASSED [ 18%]
.worktrees/feature-60-auto-pivot-policy/tests/test_pivot_policy.py::TestGate1Domains::test_unknown_domain_passes PASSED [ 19%]
.worktrees/feature-60-auto-pivot-policy/tests/test_pivot_policy.py::TestGate1UserLists::test_user_deny_overrides_user_allow PASSED [ 21%]
.worktrees/feature-60-auto-pivot-policy/tests/test_pivot_policy.py::TestGate1UserLists::test_user_allow_overrides_static_deny PASSED [ 22%]
.worktrees/feature-60-auto-pivot-policy/tests/test_pivot_policy.py::TestGate1UserLists::test_missing_user_files_treated_as_empty PASSED [ 23%]
.worktrees/feature-60-auto-pivot-policy/tests/test_pivot_policy.py::TestGate2Confidence::test_score_above_threshold_passes PASSED [ 25%]
.worktrees/feature-60-auto-pivot-policy/tests/test_pivot_policy.py::TestGate2Confidence::test_score_at_threshold_passes PASSED [ 26%]
.worktrees/feature-60-auto-pivot-policy/tests/test_pivot_policy.py::TestGate2Confidence::test_score_below_threshold_skips PASSED [ 27%]
.worktrees/feature-60-auto-pivot-policy/tests/test_pivot_policy.py::TestGate2Confidence::test_score_one_below_threshold_skips PASSED [ 28%]
.worktrees/feature-60-auto-pivot-policy/tests/test_pivot_policy.py::TestGate2Confidence::test_missing_score_optimistic_default PASSED [ 30%]
.worktrees/feature-60-auto-pivot-policy/tests/test_pivot_policy.py::TestGate2Confidence::test_missing_score_pessimistic_registry PASSED [ 31%]
.worktrees/feature-60-auto-pivot-policy/tests/test_pivot_policy.py::TestGate2Confidence::test_non_numeric_score_optimistic PASSED [ 32%]
.worktrees/feature-60-auto-pivot-policy/tests/test_pivot_policy.py::TestGate3Budget::test_per_cascade_budget_exhausted_skips PASSED [ 34%]
.worktrees/feature-60-auto-pivot-policy/tests/test_pivot_policy.py::TestGate3Budget::test_per_session_budget_exhausted_skips PASSED [ 35%]
.worktrees/feature-60-auto-pivot-policy/tests/test_pivot_policy.py::TestGate3Budget::test_dry_run_does_not_increment_counters PASSED [ 36%]
.worktrees/feature-60-auto-pivot-policy/tests/test_pivot_policy.py::TestGate3Budget::test_reset_cascade_budget PASSED [ 38%]
.worktrees/feature-60-auto-pivot-policy/tests/test_pivot_policy.py::TestGate3Budget::test_reset_session_budget PASSED [ 39%]
.worktrees/feature-60-auto-pivot-policy/tests/test_pivot_policy.py::TestGateOrdering::test_ioc_value_short_circuits_confidence PASSED [ 40%]
.worktrees/feature-60-auto-pivot-policy/tests/test_pivot_policy.py::TestGateOrdering::test_confidence_short_circuits_budget PASSED [ 42%]
.worktrees/feature-60-auto-pivot-policy/tests/test_pivot_policy.py::TestDecisionLog::test_build_log_entry_has_all_seven_keys PASSED [ 43%]
.worktrees/feature-60-auto-pivot-policy/tests/test_pivot_policy.py::TestDecisionLog::test_build_log_entry_skip_values_correct PASSED [ 44%]
.worktrees/feature-60-auto-pivot-policy/tests/test_pivot_policy.py::TestDecisionLog::test_build_log_entry_allow_values_correct PASSED [ 46%]
.worktrees/feature-60-auto-pivot-policy/tests/test_pivot_policy_integration.py::TestPerCascadeBudget::test_15_cdn_domains_capped_to_max_per_cascade PASSED [ 47%]
.worktrees/feature-60-auto-pivot-policy/tests/test_pivot_policy_integration.py::TestPerCascadeBudget::test_total_callbacks_well_below_uncapped_45 PASSED [ 48%]
.worktrees/feature-60-auto-pivot-policy/tests/test_pivot_policy_integration.py::TestPerSessionBudget::test_session_budget_limits_total_across_multiple_process_calls PASSED [ 50%]
.worktrees/feature-60-auto-pivot-policy/tests/test_pivot_policy_integration.py::TestDryRun::test_dry_run_zero_callback_invocations PASSED [ 51%]
.worktrees/feature-60-auto-pivot-policy/tests/test_pivot_policy_integration.py::TestDryRun::test_dry_run_produces_decision_log PASSED [ 52%]
.worktrees/feature-60-auto-pivot-policy/tests/test_pivot_policy_integration.py::TestDryRun::test_dry_run_log_has_correct_shape PASSED [ 53%]
.worktrees/feature-60-auto-pivot-policy/tests/test_pivot_policy_integration.py::TestDryRun::test_dry_run_budget_counters_not_incremented PASSED [ 55%]
.worktrees/feature-60-auto-pivot-policy/tests/test_pivot_policy_integration.py::TestSessionReset::test_clear_history_resets_session_quota PASSED [ 56%]
.worktrees/feature-60-auto-pivot-policy/tests/test_event_bus.py::TestPivotEvent::test_fields PASSED [ 57%]
.worktrees/feature-60-auto-pivot-policy/tests/test_event_bus.py::TestPivotEvent::test_default_depth PASSED [ 59%]
.worktrees/feature-60-auto-pivot-policy/tests/test_event_bus.py::TestPivotConfig::test_defaults PASSED [ 60%]
.worktrees/feature-60-auto-pivot-policy/tests/test_event_bus.py::TestPivotConfig::test_no_max_depth_field PASSED [ 61%]
.worktrees/feature-60-auto-pivot-policy/tests/test_event_bus.py::TestPivotConfig::test_policy_field_is_auto_pivot_policy_config PASSED [ 63%]
.worktrees/feature-60-auto-pivot-policy/tests/test_event_bus.py::TestPolicyAuthority::test_event_bus_has_policy_attribute PASSED [ 64%]
.worktrees/feature-60-auto-pivot-policy/tests/test_event_bus.py::TestPolicyAuthority::test_publish_source_has_no_inline_depth_gate PASSED [ 65%]
.worktrees/feature-60-auto-pivot-policy/tests/test_event_bus.py::TestPolicyAuthority::test_rfc1918_ip_blocked_by_policy_not_depth PASSED [ 67%]
.worktrees/feature-60-auto-pivot-policy/tests/test_event_bus.py::TestPolicyAuthority::test_clear_history_also_resets_policy_budget PASSED [ 68%]
.worktrees/feature-60-auto-pivot-policy/tests/test_event_bus.py::TestSubscribeUnsubscribe::test_subscribe_adds_callback PASSED [ 69%]
.worktrees/feature-60-auto-pivot-policy/tests/test_event_bus.py::TestSubscribeUnsubscribe::test_unsubscribe_removes_callback PASSED [ 71%]
.worktrees/feature-60-auto-pivot-policy/tests/test_event_bus.py::TestSubscribeUnsubscribe::test_unsubscribe_nonexistent_type PASSED [ 72%]
.worktrees/feature-60-auto-pivot-policy/tests/test_event_bus.py::TestSubscribeUnsubscribe::test_multiple_subscribers PASSED [ 73%]
.worktrees/feature-60-auto-pivot-policy/tests/test_event_bus.py::TestPublish::test_publish_triggers_callback PASSED [ 75%]
.worktrees/feature-60-auto-pivot-policy/tests/test_event_bus.py::TestPublish::test_publish_disabled_returns_empty PASSED [ 76%]
.worktrees/feature-60-auto-pivot-policy/tests/test_event_bus.py::TestPublish::test_publish_records_history PASSED [ 77%]
.worktrees/feature-60-auto-pivot-policy/tests/test_event_bus.py::TestPublish::test_publish_callback_error_continues PASSED [ 78%]
.worktrees/feature-60-auto-pivot-policy/tests/test_event_bus.py::TestPublish::test_publish_no_subscribers PASSED [ 80%]
.worktrees/feature-60-auto-pivot-policy/tests/test_event_bus.py::TestProcessResults::test_process_creates_events PASSED [ 81%]
.worktrees/feature-60-auto-pivot-policy/tests/test_event_bus.py::TestProcessResults::test_process_increments_depth PASSED [ 82%]
.worktrees/feature-60-auto-pivot-policy/tests/test_event_bus.py::TestProcessResults::test_process_skips_empty_type PASSED [ 84%]
.worktrees/feature-60-auto-pivot-policy/tests/test_event_bus.py::TestModuleRegistration::test_register_adds_subscriptions PASSED [ 85%]
.worktrees/feature-60-auto-pivot-policy/tests/test_event_bus.py::TestModuleRegistration::test_whitelist_blocks_unregistered PASSED [ 86%]
.worktrees/feature-60-auto-pivot-policy/tests/test_event_bus.py::TestModuleRegistration::test_whitelist_allows_registered PASSED [ 88%]
.worktrees/feature-60-auto-pivot-policy/tests/test_event_bus.py::TestModuleRegistration::test_empty_whitelist_allows_all PASSED [ 89%]
.worktrees/feature-60-auto-pivot-policy/tests/test_event_bus.py::TestModuleRegistration::test_register_tags_callback_with_module_path PASSED [ 90%]
.worktrees/feature-60-auto-pivot-policy/tests/test_event_bus.py::TestHistory::test_empty_history PASSED [ 92%]
.worktrees/feature-60-auto-pivot-policy/tests/test_event_bus.py::TestHistory::test_clear_history PASSED [ 93%]
.worktrees/feature-60-auto-pivot-policy/tests/test_event_bus.py::TestHistory::test_clear_history_also_clears_decision_log PASSED [ 94%]
.worktrees/feature-60-auto-pivot-policy/tests/test_event_bus.py::TestDefaultSubscriptions::test_default_subscriptions_has_modules PASSED [ 96%]
.worktrees/feature-60-auto-pivot-policy/tests/test_event_bus.py::TestDefaultSubscriptions::test_abuseipdb_subscribes_to_ipv4 PASSED [ 97%]
.worktrees/feature-60-auto-pivot-policy/tests/test_event_bus.py::TestDefaultSubscriptions::test_hibp_subscribes_to_email PASSED [ 98%]
.worktrees/feature-60-auto-pivot-policy/tests/test_event_bus.py::TestDefaultSubscriptions::test_urlscan_subscribes_to_url PASSED [100%]

============================== 76 passed in 0.16s ==============================
